app/build/intermediates/manifest_merge_blame_file/debug/manifest-merger-blame-debug-report.txt
1<?xml version="1.0" encoding="utf-8"?>
2<manifest xmlns:android="http://schemas.android.com/apk/res/android"
3    package="com.cn.wjnhttplib"
4    android:versionCode="1"
5    android:versionName="1.0" >
6
7    <uses-sdk
8        android:minSdkVersion="24"
8-->src/main/AndroidManifest.xml
9        android:targetSdkVersion="34" />
9-->src/main/AndroidManifest.xml
10
11    <application
11-->src/main/AndroidManifest.xml:5:5-13:19
12        android:allowBackup="true"
12-->src/main/AndroidManifest.xml:6:9-35
13        android:debuggable="true"
14        android:extractNativeLibs="false"
15        android:largeHeap="true"
15-->src/main/AndroidManifest.xml:7:9-33
16        android:requestLegacyExternalStorage="true"
16-->src/main/AndroidManifest.xml:8:9-52
17        android:supportsRtl="true"
17-->src/main/AndroidManifest.xml:9:9-35
18        android:usesCleartextTraffic="true" >
18-->src/main/AndroidManifest.xml:10:9-44
19    </application>
20
21</manifest>